<?xml version="1.0" encoding="UTF-8"?>
<coverage generated="1745726809653" clover="3.2.0">
  <project timestamp="1745726809653" name="All files">
    <metrics statements="52" coveredstatements="50" conditionals="44" coveredconditionals="42" methods="11" coveredmethods="11" elements="107" coveredelements="103" complexity="0" loc="52" ncloc="52" packages="1" files="2" classes="2"/>
    <file name="FigureCalculator.js" path="/home/rfl/RIFAL FOLDER/PROJECT/math-api/src/FigureCalculator.js">
      <metrics statements="26" coveredstatements="24" conditionals="20" coveredconditionals="18" methods="7" coveredmethods="7"/>
      <line num="3" count="13" type="stmt"/>
      <line num="6" count="7" type="cond" truecount="2" falsecount="0"/>
      <line num="7" count="3" type="stmt"/>
      <line num="9" count="4" type="stmt"/>
      <line num="10" count="4" type="cond" truecount="4" falsecount="0"/>
      <line num="11" count="3" type="stmt"/>
      <line num="14" count="1" type="stmt"/>
      <line num="17" count="7" type="cond" truecount="2" falsecount="0"/>
      <line num="18" count="3" type="stmt"/>
      <line num="20" count="4" type="stmt"/>
      <line num="21" count="4" type="cond" truecount="4" falsecount="0"/>
      <line num="22" count="3" type="stmt"/>
      <line num="24" count="1" type="stmt"/>
      <line num="27" count="7" type="cond" truecount="2" falsecount="0"/>
      <line num="28" count="6" type="stmt"/>
      <line num="30" count="1" type="stmt"/>
      <line num="31" count="3" type="cond" truecount="1" falsecount="1"/>
      <line num="32" count="0" type="stmt"/>
      <line num="34" count="1" type="stmt"/>
      <line num="37" count="7" type="cond" truecount="2" falsecount="0"/>
      <line num="38" count="6" type="stmt"/>
      <line num="40" count="1" type="stmt"/>
      <line num="41" count="3" type="cond" truecount="1" falsecount="1"/>
      <line num="42" count="0" type="stmt"/>
      <line num="44" count="1" type="stmt"/>
      <line num="47" count="1" type="stmt"/>
    </file>
    <file name="MathBasic.js" path="/home/rfl/RIFAL FOLDER/PROJECT/math-api/src/MathBasic.js">
      <metrics statements="26" coveredstatements="26" conditionals="24" coveredconditionals="24" methods="4" coveredmethods="4"/>
      <line num="1" count="2" type="stmt"/>
      <line num="3" count="14" type="cond" truecount="2" falsecount="0"/>
      <line num="4" count="4" type="stmt"/>
      <line num="6" count="10" type="stmt"/>
      <line num="7" count="10" type="cond" truecount="4" falsecount="0"/>
      <line num="8" count="3" type="stmt"/>
      <line num="10" count="7" type="stmt"/>
      <line num="13" count="9" type="cond" truecount="2" falsecount="0"/>
      <line num="14" count="3" type="stmt"/>
      <line num="16" count="6" type="stmt"/>
      <line num="17" count="6" type="cond" truecount="4" falsecount="0"/>
      <line num="18" count="3" type="stmt"/>
      <line num="20" count="3" type="stmt"/>
      <line num="23" count="12" type="cond" truecount="2" falsecount="0"/>
      <line num="24" count="3" type="stmt"/>
      <line num="26" count="9" type="stmt"/>
      <line num="27" count="9" type="cond" truecount="4" falsecount="0"/>
      <line num="28" count="3" type="stmt"/>
      <line num="30" count="6" type="stmt"/>
      <line num="34" count="10" type="cond" truecount="2" falsecount="0"/>
      <line num="35" count="3" type="stmt"/>
      <line num="37" count="7" type="stmt"/>
      <line num="38" count="7" type="cond" truecount="4" falsecount="0"/>
      <line num="39" count="3" type="stmt"/>
      <line num="41" count="4" type="stmt"/>
      <line num="45" count="2" type="stmt"/>
    </file>
  </project>
</coverage>
