{"/home/rfl/RIFAL FOLDER/PROJECT/math-api/src/FigureCalculator.js": {"path":"/home/rfl/RIFAL FOLDER/PROJECT/math-api/src/FigureCalculator.js","statementMap":{"0":{"start":{"line":3,"column":8},"end":{"line":3,"column":36}},"1":{"start":{"line":6,"column":8},"end":{"line":8,"column":9}},"2":{"start":{"line":7,"column":12},"end":{"line":7,"column":69}},"3":{"start":{"line":9,"column":33},"end":{"line":9,"column":37}},"4":{"start":{"line":10,"column":8},"end":{"line":12,"column":9}},"5":{"start":{"line":11,"column":12},"end":{"line":11,"column":74}},"6":{"start":{"line":14,"column":8},"end":{"line":14,"column":79}},"7":{"start":{"line":17,"column":8},"end":{"line":19,"column":9}},"8":{"start":{"line":18,"column":12},"end":{"line":18,"column":69}},"9":{"start":{"line":20,"column":33},"end":{"line":20,"column":37}},"10":{"start":{"line":21,"column":8},"end":{"line":23,"column":9}},"11":{"start":{"line":22,"column":12},"end":{"line":22,"column":74}},"12":{"start":{"line":24,"column":8},"end":{"line":24,"column":56}},"13":{"start":{"line":27,"column":8},"end":{"line":29,"column":9}},"14":{"start":{"line":28,"column":12},"end":{"line":28,"column":69}},"15":{"start":{"line":30,"column":38},"end":{"line":30,"column":42}},"16":{"start":{"line":31,"column":8},"end":{"line":33,"column":9}},"17":{"start":{"line":31,"column":30},"end":{"line":31,"column":53}},"18":{"start":{"line":32,"column":12},"end":{"line":32,"column":74}},"19":{"start":{"line":34,"column":8},"end":{"line":34,"column":77}},"20":{"start":{"line":37,"column":8},"end":{"line":39,"column":9}},"21":{"start":{"line":38,"column":12},"end":{"line":38,"column":69}},"22":{"start":{"line":40,"column":38},"end":{"line":40,"column":42}},"23":{"start":{"line":41,"column":8},"end":{"line":43,"column":9}},"24":{"start":{"line":41,"column":30},"end":{"line":41,"column":53}},"25":{"start":{"line":42,"column":12},"end":{"line":42,"column":74}},"26":{"start":{"line":44,"column":8},"end":{"line":44,"column":109}},"27":{"start":{"line":47,"column":0},"end":{"line":47,"column":34}}},"fnMap":{"0":{"name":"(anonymous_0)","decl":{"start":{"line":2,"column":4},"end":{"line":2,"column":5}},"loc":{"start":{"line":2,"column":26},"end":{"line":4,"column":5}},"line":2},"1":{"name":"(anonymous_1)","decl":{"start":{"line":5,"column":4},"end":{"line":5,"column":5}},"loc":{"start":{"line":5,"column":41},"end":{"line":15,"column":5}},"line":5},"2":{"name":"(anonymous_2)","decl":{"start":{"line":16,"column":4},"end":{"line":16,"column":5}},"loc":{"start":{"line":16,"column":37},"end":{"line":25,"column":5}},"line":16},"3":{"name":"(anonymous_3)","decl":{"start":{"line":26,"column":4},"end":{"line":26,"column":5}},"loc":{"start":{"line":26,"column":40},"end":{"line":35,"column":5}},"line":26},"4":{"name":"(anonymous_4)","decl":{"start":{"line":31,"column":21},"end":{"line":31,"column":22}},"loc":{"start":{"line":31,"column":30},"end":{"line":31,"column":53}},"line":31},"5":{"name":"(anonymous_5)","decl":{"start":{"line":36,"column":4},"end":{"line":36,"column":5}},"loc":{"start":{"line":36,"column":35},"end":{"line":45,"column":5}},"line":36},"6":{"name":"(anonymous_6)","decl":{"start":{"line":41,"column":21},"end":{"line":41,"column":22}},"loc":{"start":{"line":41,"column":30},"end":{"line":41,"column":53}},"line":41}},"branchMap":{"0":{"loc":{"start":{"line":6,"column":8},"end":{"line":8,"column":9}},"type":"if","locations":[{"start":{"line":6,"column":8},"end":{"line":8,"column":9}},{"start":{},"end":{}}],"line":6},"1":{"loc":{"start":{"line":10,"column":8},"end":{"line":12,"column":9}},"type":"if","locations":[{"start":{"line":10,"column":8},"end":{"line":12,"column":9}},{"start":{},"end":{}}],"line":10},"2":{"loc":{"start":{"line":10,"column":11},"end":{"line":10,"column":67}},"type":"binary-expr","locations":[{"start":{"line":10,"column":11},"end":{"line":10,"column":37}},{"start":{"line":10,"column":41},"end":{"line":10,"column":67}}],"line":10},"3":{"loc":{"start":{"line":17,"column":8},"end":{"line":19,"column":9}},"type":"if","locations":[{"start":{"line":17,"column":8},"end":{"line":19,"column":9}},{"start":{},"end":{}}],"line":17},"4":{"loc":{"start":{"line":21,"column":8},"end":{"line":23,"column":9}},"type":"if","locations":[{"start":{"line":21,"column":8},"end":{"line":23,"column":9}},{"start":{},"end":{}}],"line":21},"5":{"loc":{"start":{"line":21,"column":11},"end":{"line":21,"column":68}},"type":"binary-expr","locations":[{"start":{"line":21,"column":11},"end":{"line":21,"column":38}},{"start":{"line":21,"column":42},"end":{"line":21,"column":68}}],"line":21},"6":{"loc":{"start":{"line":27,"column":8},"end":{"line":29,"column":9}},"type":"if","locations":[{"start":{"line":27,"column":8},"end":{"line":29,"column":9}},{"start":{},"end":{}}],"line":27},"7":{"loc":{"start":{"line":31,"column":8},"end":{"line":33,"column":9}},"type":"if","locations":[{"start":{"line":31,"column":8},"end":{"line":33,"column":9}},{"start":{},"end":{}}],"line":31},"8":{"loc":{"start":{"line":37,"column":8},"end":{"line":39,"column":9}},"type":"if","locations":[{"start":{"line":37,"column":8},"end":{"line":39,"column":9}},{"start":{},"end":{}}],"line":37},"9":{"loc":{"start":{"line":41,"column":8},"end":{"line":43,"column":9}},"type":"if","locations":[{"start":{"line":41,"column":8},"end":{"line":43,"column":9}},{"start":{},"end":{}}],"line":41}},"s":{"0":13,"1":7,"2":3,"3":4,"4":4,"5":3,"6":1,"7":7,"8":3,"9":4,"10":4,"11":3,"12":1,"13":7,"14":6,"15":1,"16":1,"17":3,"18":0,"19":1,"20":7,"21":6,"22":1,"23":1,"24":3,"25":0,"26":1,"27":1},"f":{"0":13,"1":7,"2":7,"3":7,"4":3,"5":7,"6":3},"b":{"0":[3,4],"1":[3,1],"2":[4,3],"3":[3,4],"4":[3,1],"5":[4,3],"6":[6,1],"7":[0,1],"8":[6,1],"9":[0,1]},"_coverageSchema":"1a1c01bbd47fc00a2c39e90264f33305004495a9","hash":"fe20804272bc33ba9942e7e4e3a359aeeccb35db"}
,"/home/rfl/RIFAL FOLDER/PROJECT/math-api/src/MathBasic.js": {"path":"/home/rfl/RIFAL FOLDER/PROJECT/math-api/src/MathBasic.js","statementMap":{"0":{"start":{"line":1,"column":18},"end":{"line":44,"column":1}},"1":{"start":{"line":3,"column":8},"end":{"line":5,"column":9}},"2":{"start":{"line":4,"column":12},"end":{"line":4,"column":75}},"3":{"start":{"line":6,"column":23},"end":{"line":6,"column":27}},"4":{"start":{"line":7,"column":8},"end":{"line":9,"column":9}},"5":{"start":{"line":8,"column":12},"end":{"line":8,"column":73}},"6":{"start":{"line":10,"column":8},"end":{"line":10,"column":22}},"7":{"start":{"line":13,"column":8},"end":{"line":15,"column":9}},"8":{"start":{"line":14,"column":12},"end":{"line":14,"column":77}},"9":{"start":{"line":16,"column":23},"end":{"line":16,"column":27}},"10":{"start":{"line":17,"column":8},"end":{"line":19,"column":9}},"11":{"start":{"line":18,"column":12},"end":{"line":18,"column":73}},"12":{"start":{"line":20,"column":8},"end":{"line":20,"column":22}},"13":{"start":{"line":23,"column":8},"end":{"line":25,"column":9}},"14":{"start":{"line":24,"column":12},"end":{"line":24,"column":77}},"15":{"start":{"line":26,"column":23},"end":{"line":26,"column":27}},"16":{"start":{"line":27,"column":8},"end":{"line":29,"column":9}},"17":{"start":{"line":28,"column":12},"end":{"line":28,"column":73}},"18":{"start":{"line":30,"column":8},"end":{"line":30,"column":21}},"19":{"start":{"line":34,"column":8},"end":{"line":36,"column":9}},"20":{"start":{"line":35,"column":12},"end":{"line":35,"column":77}},"21":{"start":{"line":37,"column":23},"end":{"line":37,"column":27}},"22":{"start":{"line":38,"column":8},"end":{"line":40,"column":9}},"23":{"start":{"line":39,"column":12},"end":{"line":39,"column":73}},"24":{"start":{"line":41,"column":8},"end":{"line":41,"column":21}},"25":{"start":{"line":45,"column":0},"end":{"line":45,"column":27}}},"fnMap":{"0":{"name":"(anonymous_0)","decl":{"start":{"line":2,"column":9},"end":{"line":2,"column":10}},"loc":{"start":{"line":2,"column":22},"end":{"line":11,"column":5}},"line":2},"1":{"name":"(anonymous_1)","decl":{"start":{"line":12,"column":14},"end":{"line":12,"column":15}},"loc":{"start":{"line":12,"column":27},"end":{"line":21,"column":5}},"line":12},"2":{"name":"(anonymous_2)","decl":{"start":{"line":22,"column":14},"end":{"line":22,"column":15}},"loc":{"start":{"line":22,"column":28},"end":{"line":32,"column":5}},"line":22},"3":{"name":"(anonymous_3)","decl":{"start":{"line":33,"column":12},"end":{"line":33,"column":13}},"loc":{"start":{"line":33,"column":25},"end":{"line":42,"column":5}},"line":33}},"branchMap":{"0":{"loc":{"start":{"line":3,"column":8},"end":{"line":5,"column":9}},"type":"if","locations":[{"start":{"line":3,"column":8},"end":{"line":5,"column":9}},{"start":{},"end":{}}],"line":3},"1":{"loc":{"start":{"line":7,"column":8},"end":{"line":9,"column":9}},"type":"if","locations":[{"start":{"line":7,"column":8},"end":{"line":9,"column":9}},{"start":{},"end":{}}],"line":7},"2":{"loc":{"start":{"line":7,"column":11},"end":{"line":7,"column":57}},"type":"binary-expr","locations":[{"start":{"line":7,"column":11},"end":{"line":7,"column":32}},{"start":{"line":7,"column":36},"end":{"line":7,"column":57}}],"line":7},"3":{"loc":{"start":{"line":13,"column":8},"end":{"line":15,"column":9}},"type":"if","locations":[{"start":{"line":13,"column":8},"end":{"line":15,"column":9}},{"start":{},"end":{}}],"line":13},"4":{"loc":{"start":{"line":17,"column":8},"end":{"line":19,"column":9}},"type":"if","locations":[{"start":{"line":17,"column":8},"end":{"line":19,"column":9}},{"start":{},"end":{}}],"line":17},"5":{"loc":{"start":{"line":17,"column":11},"end":{"line":17,"column":57}},"type":"binary-expr","locations":[{"start":{"line":17,"column":11},"end":{"line":17,"column":32}},{"start":{"line":17,"column":36},"end":{"line":17,"column":57}}],"line":17},"6":{"loc":{"start":{"line":23,"column":8},"end":{"line":25,"column":9}},"type":"if","locations":[{"start":{"line":23,"column":8},"end":{"line":25,"column":9}},{"start":{},"end":{}}],"line":23},"7":{"loc":{"start":{"line":27,"column":8},"end":{"line":29,"column":9}},"type":"if","locations":[{"start":{"line":27,"column":8},"end":{"line":29,"column":9}},{"start":{},"end":{}}],"line":27},"8":{"loc":{"start":{"line":27,"column":11},"end":{"line":27,"column":57}},"type":"binary-expr","locations":[{"start":{"line":27,"column":11},"end":{"line":27,"column":32}},{"start":{"line":27,"column":36},"end":{"line":27,"column":57}}],"line":27},"9":{"loc":{"start":{"line":34,"column":8},"end":{"line":36,"column":9}},"type":"if","locations":[{"start":{"line":34,"column":8},"end":{"line":36,"column":9}},{"start":{},"end":{}}],"line":34},"10":{"loc":{"start":{"line":38,"column":8},"end":{"line":40,"column":9}},"type":"if","locations":[{"start":{"line":38,"column":8},"end":{"line":40,"column":9}},{"start":{},"end":{}}],"line":38},"11":{"loc":{"start":{"line":38,"column":11},"end":{"line":38,"column":57}},"type":"binary-expr","locations":[{"start":{"line":38,"column":11},"end":{"line":38,"column":32}},{"start":{"line":38,"column":36},"end":{"line":38,"column":57}}],"line":38}},"s":{"0":2,"1":14,"2":4,"3":10,"4":10,"5":3,"6":7,"7":9,"8":3,"9":6,"10":6,"11":3,"12":3,"13":12,"14":3,"15":9,"16":9,"17":3,"18":6,"19":10,"20":3,"21":7,"22":7,"23":3,"24":4,"25":2},"f":{"0":14,"1":9,"2":12,"3":10},"b":{"0":[4,10],"1":[3,7],"2":[10,3],"3":[3,6],"4":[3,3],"5":[6,3],"6":[3,9],"7":[3,6],"8":[9,3],"9":[3,7],"10":[3,4],"11":[7,3]},"_coverageSchema":"1a1c01bbd47fc00a2c39e90264f33305004495a9","hash":"86a0837bc4701c8b2b3694097460a276d4e4fe46"}
}
