{"/home/rfl/RIFAL FOLDER/PROJECT/math-api/src/MathBasic.js": {"path":"/home/rfl/RIFAL FOLDER/PROJECT/math-api/src/MathBasic.js","statementMap":{"0":{"start":{"line":1,"column":18},"end":{"line":44,"column":1}},"1":{"start":{"line":3,"column":8},"end":{"line":5,"column":9}},"2":{"start":{"line":4,"column":12},"end":{"line":4,"column":75}},"3":{"start":{"line":6,"column":23},"end":{"line":6,"column":27}},"4":{"start":{"line":7,"column":8},"end":{"line":9,"column":9}},"5":{"start":{"line":8,"column":12},"end":{"line":8,"column":73}},"6":{"start":{"line":10,"column":8},"end":{"line":10,"column":22}},"7":{"start":{"line":13,"column":8},"end":{"line":15,"column":9}},"8":{"start":{"line":14,"column":12},"end":{"line":14,"column":77}},"9":{"start":{"line":16,"column":23},"end":{"line":16,"column":27}},"10":{"start":{"line":17,"column":8},"end":{"line":19,"column":9}},"11":{"start":{"line":18,"column":12},"end":{"line":18,"column":73}},"12":{"start":{"line":20,"column":8},"end":{"line":20,"column":22}},"13":{"start":{"line":23,"column":8},"end":{"line":25,"column":9}},"14":{"start":{"line":24,"column":12},"end":{"line":24,"column":77}},"15":{"start":{"line":26,"column":23},"end":{"line":26,"column":27}},"16":{"start":{"line":27,"column":8},"end":{"line":29,"column":9}},"17":{"start":{"line":28,"column":12},"end":{"line":28,"column":73}},"18":{"start":{"line":30,"column":8},"end":{"line":30,"column":21}},"19":{"start":{"line":34,"column":8},"end":{"line":36,"column":9}},"20":{"start":{"line":35,"column":12},"end":{"line":35,"column":77}},"21":{"start":{"line":37,"column":23},"end":{"line":37,"column":27}},"22":{"start":{"line":38,"column":8},"end":{"line":40,"column":9}},"23":{"start":{"line":39,"column":12},"end":{"line":39,"column":73}},"24":{"start":{"line":41,"column":8},"end":{"line":41,"column":21}},"25":{"start":{"line":45,"column":0},"end":{"line":45,"column":27}}},"fnMap":{"0":{"name":"(anonymous_0)","decl":{"start":{"line":2,"column":9},"end":{"line":2,"column":10}},"loc":{"start":{"line":2,"column":22},"end":{"line":11,"column":5}},"line":2},"1":{"name":"(anonymous_1)","decl":{"start":{"line":12,"column":14},"end":{"line":12,"column":15}},"loc":{"start":{"line":12,"column":27},"end":{"line":21,"column":5}},"line":12},"2":{"name":"(anonymous_2)","decl":{"start":{"line":22,"column":14},"end":{"line":22,"column":15}},"loc":{"start":{"line":22,"column":28},"end":{"line":32,"column":5}},"line":22},"3":{"name":"(anonymous_3)","decl":{"start":{"line":33,"column":12},"end":{"line":33,"column":13}},"loc":{"start":{"line":33,"column":25},"end":{"line":42,"column":5}},"line":33}},"branchMap":{"0":{"loc":{"start":{"line":3,"column":8},"end":{"line":5,"column":9}},"type":"if","locations":[{"start":{"line":3,"column":8},"end":{"line":5,"column":9}},{"start":{},"end":{}}],"line":3},"1":{"loc":{"start":{"line":7,"column":8},"end":{"line":9,"column":9}},"type":"if","locations":[{"start":{"line":7,"column":8},"end":{"line":9,"column":9}},{"start":{},"end":{}}],"line":7},"2":{"loc":{"start":{"line":7,"column":11},"end":{"line":7,"column":57}},"type":"binary-expr","locations":[{"start":{"line":7,"column":11},"end":{"line":7,"column":32}},{"start":{"line":7,"column":36},"end":{"line":7,"column":57}}],"line":7},"3":{"loc":{"start":{"line":13,"column":8},"end":{"line":15,"column":9}},"type":"if","locations":[{"start":{"line":13,"column":8},"end":{"line":15,"column":9}},{"start":{},"end":{}}],"line":13},"4":{"loc":{"start":{"line":17,"column":8},"end":{"line":19,"column":9}},"type":"if","locations":[{"start":{"line":17,"column":8},"end":{"line":19,"column":9}},{"start":{},"end":{}}],"line":17},"5":{"loc":{"start":{"line":17,"column":11},"end":{"line":17,"column":57}},"type":"binary-expr","locations":[{"start":{"line":17,"column":11},"end":{"line":17,"column":32}},{"start":{"line":17,"column":36},"end":{"line":17,"column":57}}],"line":17},"6":{"loc":{"start":{"line":23,"column":8},"end":{"line":25,"column":9}},"type":"if","locations":[{"start":{"line":23,"column":8},"end":{"line":25,"column":9}},{"start":{},"end":{}}],"line":23},"7":{"loc":{"start":{"line":27,"column":8},"end":{"line":29,"column":9}},"type":"if","locations":[{"start":{"line":27,"column":8},"end":{"line":29,"column":9}},{"start":{},"end":{}}],"line":27},"8":{"loc":{"start":{"line":27,"column":11},"end":{"line":27,"column":57}},"type":"binary-expr","locations":[{"start":{"line":27,"column":11},"end":{"line":27,"column":32}},{"start":{"line":27,"column":36},"end":{"line":27,"column":57}}],"line":27},"9":{"loc":{"start":{"line":34,"column":8},"end":{"line":36,"column":9}},"type":"if","locations":[{"start":{"line":34,"column":8},"end":{"line":36,"column":9}},{"start":{},"end":{}}],"line":34},"10":{"loc":{"start":{"line":38,"column":8},"end":{"line":40,"column":9}},"type":"if","locations":[{"start":{"line":38,"column":8},"end":{"line":40,"column":9}},{"start":{},"end":{}}],"line":38},"11":{"loc":{"start":{"line":38,"column":11},"end":{"line":38,"column":57}},"type":"binary-expr","locations":[{"start":{"line":38,"column":11},"end":{"line":38,"column":32}},{"start":{"line":38,"column":36},"end":{"line":38,"column":57}}],"line":38}},"s":{"0":1,"1":10,"2":4,"3":6,"4":6,"5":3,"6":3,"7":9,"8":3,"9":6,"10":6,"11":3,"12":3,"13":9,"14":3,"15":6,"16":6,"17":3,"18":3,"19":9,"20":3,"21":6,"22":6,"23":3,"24":3,"25":1},"f":{"0":10,"1":9,"2":9,"3":9},"b":{"0":[4,6],"1":[3,3],"2":[6,3],"3":[3,6],"4":[3,3],"5":[6,3],"6":[3,6],"7":[3,3],"8":[6,3],"9":[3,6],"10":[3,3],"11":[6,3]},"_coverageSchema":"1a1c01bbd47fc00a2c39e90264f33305004495a9","hash":"86a0837bc4701c8b2b3694097460a276d4e4fe46"}
}
