TN:
SF:src/FigureCalculator.js
FN:2,(anonymous_0)
FN:5,(anonymous_1)
FN:16,(anonymous_2)
FN:26,(anonymous_3)
FN:31,(anonymous_4)
FN:36,(anonymous_5)
FN:41,(anonymous_6)
FNF:7
FNH:7
FNDA:13,(anonymous_0)
FNDA:7,(anonymous_1)
FNDA:7,(anonymous_2)
FNDA:7,(anonymous_3)
FNDA:3,(anonymous_4)
FNDA:7,(anonymous_5)
FNDA:3,(anonymous_6)
DA:3,13
DA:6,7
DA:7,3
DA:9,4
DA:10,4
DA:11,3
DA:14,1
DA:17,7
DA:18,3
DA:20,4
DA:21,4
DA:22,3
DA:24,1
DA:27,7
DA:28,6
DA:30,1
DA:31,3
DA:32,0
DA:34,1
DA:37,7
DA:38,6
DA:40,1
DA:41,3
DA:42,0
DA:44,1
DA:47,1
LF:26
LH:24
BRDA:6,0,0,3
BRDA:6,0,1,4
BRDA:10,1,0,3
BRDA:10,1,1,1
BRDA:10,2,0,4
BRDA:10,2,1,3
BRDA:17,3,0,3
BRDA:17,3,1,4
BRDA:21,4,0,3
BRDA:21,4,1,1
BRDA:21,5,0,4
BRDA:21,5,1,3
BRDA:27,6,0,6
BRDA:27,6,1,1
BRDA:31,7,0,0
BRDA:31,7,1,1
BRDA:37,8,0,6
BRDA:37,8,1,1
BRDA:41,9,0,0
BRDA:41,9,1,1
BRF:20
BRH:18
end_of_record
TN:
SF:src/MathBasic.js
FN:2,(anonymous_0)
FN:12,(anonymous_1)
FN:22,(anonymous_2)
FN:33,(anonymous_3)
FNF:4
FNH:4
FNDA:14,(anonymous_0)
FNDA:9,(anonymous_1)
FNDA:12,(anonymous_2)
FNDA:10,(anonymous_3)
DA:1,2
DA:3,14
DA:4,4
DA:6,10
DA:7,10
DA:8,3
DA:10,7
DA:13,9
DA:14,3
DA:16,6
DA:17,6
DA:18,3
DA:20,3
DA:23,12
DA:24,3
DA:26,9
DA:27,9
DA:28,3
DA:30,6
DA:34,10
DA:35,3
DA:37,7
DA:38,7
DA:39,3
DA:41,4
DA:45,2
LF:26
LH:26
BRDA:3,0,0,4
BRDA:3,0,1,10
BRDA:7,1,0,3
BRDA:7,1,1,7
BRDA:7,2,0,10
BRDA:7,2,1,3
BRDA:13,3,0,3
BRDA:13,3,1,6
BRDA:17,4,0,3
BRDA:17,4,1,3
BRDA:17,5,0,6
BRDA:17,5,1,3
BRDA:23,6,0,3
BRDA:23,6,1,9
BRDA:27,7,0,3
BRDA:27,7,1,6
BRDA:27,8,0,9
BRDA:27,8,1,3
BRDA:34,9,0,3
BRDA:34,9,1,7
BRDA:38,10,0,3
BRDA:38,10,1,4
BRDA:38,11,0,7
BRDA:38,11,1,3
BRF:24
BRH:24
end_of_record
