TN:
SF:src/MathBasic.js
FN:2,(anonymous_0)
FN:12,(anonymous_1)
FN:22,(anonymous_2)
FN:33,(anonymous_3)
FNF:4
FNH:4
FNDA:10,(anonymous_0)
FNDA:9,(anonymous_1)
FNDA:9,(anonymous_2)
FNDA:9,(anonymous_3)
DA:1,1
DA:3,10
DA:4,4
DA:6,6
DA:7,6
DA:8,3
DA:10,3
DA:13,9
DA:14,3
DA:16,6
DA:17,6
DA:18,3
DA:20,3
DA:23,9
DA:24,3
DA:26,6
DA:27,6
DA:28,3
DA:30,3
DA:34,9
DA:35,3
DA:37,6
DA:38,6
DA:39,3
DA:41,3
DA:45,1
LF:26
LH:26
BRDA:3,0,0,4
BRDA:3,0,1,6
BRDA:7,1,0,3
BRDA:7,1,1,3
BRDA:7,2,0,6
BRDA:7,2,1,3
BRDA:13,3,0,3
BRDA:13,3,1,6
BRDA:17,4,0,3
BRDA:17,4,1,3
BRDA:17,5,0,6
BRDA:17,5,1,3
BRDA:23,6,0,3
BRDA:23,6,1,6
BRDA:27,7,0,3
BRDA:27,7,1,3
BRDA:27,8,0,6
BRDA:27,8,1,3
BRDA:34,9,0,3
BRDA:34,9,1,6
BRDA:38,10,0,3
BRDA:38,10,1,3
BRDA:38,11,0,6
BRDA:38,11,1,3
BRF:24
BRH:24
end_of_record
